MAMD0120aa
MAMD0120ab
MAMD0120ac
MAMD0120ad
MAMD0120ae
MAMD0120af
MAMD0120ag
MAMD0120ah
MAMD0120ai
MAMD0120aj
MAMD0120ak
MAMD0120al
MAMD0120am
MAMD0120an
MAMD0120ao
MAMD0120ap
MAMD0120aq
MANC0330aa
MANC0330ab
MANC0330ac
MANC0330ad
MANC0330ae
MANC0330af
MANC0330ag
MANC0330ah
MANC0330ai
MANC0330aj
MANC0330ak
MANC0330al
MANC0330am
MANC0330an
MANC0330ao
MANC0330ap
MANC0330aq
MANC0330ar
MANC0330as
MANC0330at
MANC0330au
MANC0330av
MANC0330aw
MANC0330ax
MANC0330ay
MANC0330az
MANC0330ba
MANC0330bb
MANC0330bc
MANC0330bd
MANC0330be
MANC0330bf
MANC0330bg
MANC0330bh
MANC0330bi
MANC0330bj
MANC0330bk
MANC0330bl
MANC0330bm
MANC0330bn
MANC0330bo
MANC0330bp
MANC0330bq
MANC0330br
MANC0330bs
MANC0330bt
MANC0330bu
MANC0330bv
MANC0330bw
MANC0330bx
MANC0330by
MANC0330bz
MANC0330ca
MANC0330cb
MANC0330cc
MANC0330cd
MANC0330ce
MANC0330cf
MANC0330cg
MANC0330ch
MANC0330ci
MANC0330cj
MANC0330ck
MANC0330cl
MANC0330cm
MANC0330cn
MANC0330co
MANC0330cp
MANC0330cq
MANC0330cr
MANC0330cs
MANC0330ct
MANC0330cu
MANC0330cv
MANC0330cw
MANC0330cx
MANY0205aa
MANY0205ab
MANY0205ac
MANY0205ad
MANY0205ae
MANY0205af
MANY0205ag
MANY0205ah
MANY0205ai
MANY0205aj
MANY0205ak
MANY0205al
MANY0205am
MANY0205an
MANY0205ao
MANY0205ap
MANY0205aq
MANY0205ar
MANY0205as
MANY0205at
MANY0205au
MANY0205av
MANY0205aw
MANY0205ax
MANY0205ay
MANY0205az
MANY0205ba
MANY0205bb
MANY0205bc
MANY0205bd
MANY0205be
MANY0205bf
MANY0205bg
MANY0205bh
MANY0205bi
MANY0205bj
